<?xml version="1.0" encoding="UTF-8"?>
<!-- Generated by org.testng.reporters.JUnitXMLReporter -->
<testsuite ignored="0" hostname="rushikesh-VirtualBox" failures="2" tests="5" name="Test" time="16.021" errors="0" timestamp="2023-04-09T00:41:00 IST">
  <testcase classname="TestNgTest.TestExample1" name="StringCheck" time="0.0">
    <failure type="org.testng.TestNGException" message="
Cannot inject @Test annotated Method [StringCheck] with [class java.lang.String].
For more information on native dependency injection please refer to https://testng.org/doc/documentation-main.html#native-dependency-injection">
      <![CDATA[org.testng.TestNGException: 
Cannot inject @Test annotated Method [StringCheck] with [class java.lang.String].
For more information on native dependency injection please refer to https://testng.org/doc/documentation-main.html#native-dependency-injection
at java.base/java.util.ArrayList.forEach(ArrayList.java:1511)
... Removed 26 stack frames]]>
    </failure>
  </testcase> <!-- StringCheck -->
  <testcase classname="TestNgTest.TestExample1" name="navigateToAUrl" time="1.985"/>
  <testcase classname="TestNgTest.TestExample1" name="navigateToAUrl1" time="1.939"/>
  <testcase classname="TestNgTest.TestExample1" name="navigateToAUrl2" time="1.279">
    <failure type="java.lang.AssertionError" message="expected:&amp;lt;Facebook – log in or sign up&amp;gt; but was:&amp;lt;Facebook-log in or sign up&amp;gt;">
      <![CDATA[java.lang.AssertionError: expected:<Facebook – log in or sign up> but was:<Facebook-log in or sign up>
at TestNgTest.TestExample1.navigateToAUrl2(TestExample1.java:47)
at java.base/java.util.ArrayList.forEach(ArrayList.java:1511)
... Removed 29 stack frames]]>
    </failure>
  </testcase> <!-- navigateToAUrl2 -->
  <testcase classname="TestNgTest.TestExample1" name="navigateToAUrl3" time="4.052"/>
</testsuite> <!-- Test -->
